<?xml version="1.0" encoding="UTF-8"?>
<!-- Generated by org.testng.reporters.JUnitXMLReporter -->
<testsuite ignored="0" hostname="ais-PC-164" failures="0" tests="3" name="Home Tests" time="151.832" errors="0" timestamp="2026-04-02T15:39:01 IST">
  <testcase classname="tests.HomeTest" name="verifyWebsiteOpen" time="0.065"/>
  <testcase classname="tests.HomeTest" name="verifyAllMenusHover" time="6.389"/>
  <testcase classname="tests.HomeTest" name="testAllMenusClick" time="136.889"/>
</testsuite> <!-- Home Tests -->
