<?xml version="1.0" encoding="UTF-8"?>
<!-- Generated by org.testng.reporters.JUnitXMLReporter -->
<testsuite ignored="0" hostname="ais-PC-164" failures="0" tests="3" name="Product Tests" time="10.388" errors="0" timestamp="2026-04-03T18:12:58 IST">
  <testcase classname="tests.Producttest" name="secondTest" time="0.073"/>
  <testcase classname="tests.Producttest" name="verifyClickProductNavigation" time="3.378"/>
  <testcase classname="tests.Producttest" name="verifyProductPageOpened" time="0.014"/>
</testsuite> <!-- Product Tests -->
