<?xml version="1.0" encoding="UTF-8"?>
<!-- Generated by org.testng.reporters.JUnitXMLReporter -->
<testsuite ignored="0" hostname="ais-PC-164" failures="0" tests="3" name="Product Tests" time="11.654" errors="0" timestamp="2026-04-02T15:39:13 IST">
  <testcase classname="tests.Producttest" name="secondTest" time="0.006"/>
  <testcase classname="tests.Producttest" name="verifyClickProductNavigation" time="3.924"/>
  <testcase classname="tests.Producttest" name="verifyProductPageOpened" time="0.011"/>
</testsuite> <!-- Product Tests -->
