<?xml version="1.0" encoding="UTF-8"?>
<!-- Generated by org.testng.reporters.JUnitXMLReporter -->
<testsuite ignored="0" hostname="ais-PC-164" failures="0" tests="5" name="Default test" time="161.404" errors="0" timestamp="2026-03-31T10:22:33 IST">
  <testcase classname="tests.HomeTest" name="verifyWebsiteOpen" time="0.104"/>
  <testcase classname="tests.HomeTest" name="verifyAllMenusHover" time="6.369"/>
  <testcase classname="tests.HomeTest" name="testAllMenusClick" time="136.784"/>
  <testcase classname="tests.Producttest" name="secondTest" time="0.018"/>
  <testcase classname="tests.Producttest" name="verifyProductPageOpened" time="7.251"/>
</testsuite> <!-- Default test -->
