<?xml version="1.0" encoding="UTF-8"?>
<!-- Generated by org.testng.reporters.JUnitXMLReporter -->
<testsuite ignored="0" hostname="ais-PC-164" failures="0" tests="3" name="Home Tests" time="152.024" errors="0" timestamp="2026-03-31T12:20:22 IST">
  <testcase classname="tests.HomeTest" name="verifyWebsiteOpen" time="0.115"/>
  <testcase classname="tests.HomeTest" name="verifyAllMenusHover" time="6.438"/>
  <testcase classname="tests.HomeTest" name="testAllMenusClick" time="136.784"/>
</testsuite> <!-- Home Tests -->
