<?xml version="1.0" encoding="UTF-8"?>
<!-- Generated by org.testng.reporters.JUnitXMLReporter -->
<testsuite ignored="0" hostname="ais-PC-164" failures="0" tests="3" name="Product Tests" time="0.638" errors="0" timestamp="2026-04-02T15:22:06 IST">
  <testcase classname="tests.Producttest" name="@BeforeClass end" time="0.028">
    <failure type="java.lang.NullPointerException" message="Cannot invoke &amp;quot;org.openqa.selenium.WebDriver.quit()&amp;quot; because &amp;quot;base.BaseTest.driver&amp;quot; is null">
      <![CDATA[java.lang.NullPointerException: Cannot invoke "org.openqa.selenium.WebDriver.quit()" because "base.BaseTest.driver" is null
at base.BaseTest.tearDown(BaseTest.java:27)
at tests.Producttest.end(Producttest.java:74)
at java.base/java.util.ArrayList.forEach(ArrayList.java:1596)
... Removed 23 stack frames]]>
    </failure>
  </testcase> <!-- @BeforeClass end -->
  <testcase classname="tests.Producttest" name="@BeforeMethod start" time="0.0">
    <skipped/>
  </testcase> <!-- @BeforeMethod start -->
  <testcase classname="tests.Producttest" name="@BeforeMethod start" time="0.0">
    <skipped/>
  </testcase> <!-- @BeforeMethod start -->
  <testcase classname="tests.Producttest" name="@BeforeMethod start" time="0.0">
    <skipped/>
  </testcase> <!-- @BeforeMethod start -->
  <testcase classname="tests.Producttest" name="secondTest" time="0.0">
    <skipped/>
  </testcase> <!-- secondTest -->
  <testcase classname="tests.Producttest" name="verifyClickProductNavigation" time="0.001">
    <skipped/>
  </testcase> <!-- verifyClickProductNavigation -->
  <testcase classname="tests.Producttest" name="verifyProductPageOpened" time="0.001">
    <skipped/>
  </testcase> <!-- verifyProductPageOpened -->
</testsuite> <!-- Product Tests -->
