<?xml version="1.0" encoding="UTF-8"?>
<testsuite xmlns:xsi="http://www.w3.org/2001/XMLSchema-instance" xsi:noNamespaceSchemaLocation="https://maven.apache.org/surefire/maven-surefire-plugin/xsd/surefire-test-report-3.0.xsd" version="3.0" name="TestSuite" time="164.641" tests="6" errors="0" skipped="0" failures="0">
  <properties>
[...]
</properties>
  <testcase name="verifyWebsiteOpen" classname="tests.HomeTest" time="0.158">
    <system-out><![CDATA[Checking for popup...
Popup closed.
Current URL: https://www.ezlifehealthcare.com/
]]></system-out>
    <system-err><![CDATA[SLF4J(W): No SLF4J providers were found.
SLF4J(W): Defaulting to no-operation (NOP) logger implementation
SLF4J(W): See https://www.slf4j.org/codes.html#noProviders for further details.
Apr 02, 2026 3:36:33 PM org.openqa.selenium.devtools.CdpVersionFinder findNearestMatch
WARNING: Unable to find CDP implementation matching 146
Apr 02, 2026 3:36:33 PM org.openqa.selenium.chromium.ChromiumDriver lambda$new$5
WARNING: Unable to find version of CDP to use for 146.0.7680.165. You may need to include a dependency on a specific version of the CDP using something similar to `org.seleniumhq.selenium:selenium-devtools-v86:4.18.1` where the version ("v86") matches the version of the chromium-based browser you're using and the version number of the artifact is the same as Selenium's.
]]></system-err>
  </testcase>
  <testcase name="verifyAllMenusHover" classname="tests.HomeTest" time="6.393">
    <system-out><![CDATA[Total menus found: 7
Hover: Health and Wellness
Hover: Respiratory Care
Hover: Mobility & Patient Aid
Hover: Personal Care & Hygiene (Incontinence Care)
Hover: Therapeutic & Orthopedic Support
Hover: Weighing Scales
]]></system-out>
  </testcase>
  <testcase name="testAllMenusClick" classname="tests.HomeTest" time="136.898">
    <system-out><![CDATA[Clicking: Health and Wellness
Checking for popup...
No popup found.
Clicking: Respiratory Care
Checking for popup...
No popup found.
Clicking: Mobility & Patient Aid
Checking for popup...
No popup found.
Clicking: Personal Care & Hygiene (Incontinence Care)
Checking for popup...
No popup found.
Clicking: Therapeutic & Orthopedic Support
Checking for popup...
No popup found.
Clicking: Weighing Scales
Checking for popup...
No popup found.
All menus clicked successfully.
]]></system-out>
  </testcase>
  <testcase name="secondTest" classname="tests.Producttest" time="0.017">
    <system-out><![CDATA[✅ Second test running on same browser
]]></system-out>
    <system-err><![CDATA[Apr 02, 2026 3:39:02 PM org.openqa.selenium.devtools.CdpVersionFinder findNearestMatch
WARNING: Unable to find CDP implementation matching 146
Apr 02, 2026 3:39:02 PM org.openqa.selenium.chromium.ChromiumDriver lambda$new$5
WARNING: Unable to find version of CDP to use for 146.0.7680.165. You may need to include a dependency on a specific version of the CDP using something similar to `org.seleniumhq.selenium:selenium-devtools-v86:4.18.1` where the version ("v86") matches the version of the chromium-based browser you're using and the version number of the artifact is the same as Selenium's.
]]></system-err>
  </testcase>
  <testcase name="verifyClickProductNavigation" classname="tests.Producttest" time="3.932">
    <system-out><![CDATA[✅ Popup closed
Navigated URL: https://www.ezlifehealthcare.com/products/safety-blood-lancets-pa2
✅ User successfully navigated to product detail page
]]></system-out>
  </testcase>
  <testcase name="verifyProductPageOpened" classname="tests.Producttest" time="0.016">
    <system-out><![CDATA[Current URL: https://www.ezlifehealthcare.com/products?category=Health+and+Wellness&categorySlug=health-and-wellness
✅ Product Page Opened Successfully
]]></system-out>
  </testcase>
</testsuite>