<?xml version="1.0" encoding="UTF-8"?>
<testng-results ignored="0" total="3" passed="3" failed="0" skipped="0">
  <reporter-output>
  </reporter-output>
  <suite started-at="2026-04-03T18:12:47 IST" name="EZLife Test Suite" finished-at="2026-04-03T18:12:58 IST" duration-ms="10388">
    <groups>
    </groups>
    <test started-at="2026-04-03T18:12:47 IST" name="Product Tests" finished-at="2026-04-03T18:12:58 IST" duration-ms="10388">
      <class name="tests.Producttest">
        <test-method is-config="true" signature="start()[pri:0, instance:tests.Producttest@cc43f62]" started-at="2026-04-03T18:12:47 IST" name="start" finished-at="2026-04-03T18:12:50 IST" duration-ms="2807" status="PASS">
          <reporter-output>
          </reporter-output>
        </test-method> <!-- start -->
        <test-method is-config="true" signature="loadPage()[pri:0, instance:tests.Producttest@cc43f62]" started-at="2026-04-03T18:12:50 IST" name="loadPage" finished-at="2026-04-03T18:12:52 IST" duration-ms="1796" status="PASS">
          <reporter-output>
          </reporter-output>
        </test-method> <!-- loadPage -->
        <test-method signature="secondTest()[pri:0, instance:tests.Producttest@cc43f62]" started-at="2026-04-03T18:12:52 IST" name="secondTest" finished-at="2026-04-03T18:12:52 IST" duration-ms="73" status="PASS">
          <reporter-output>
          </reporter-output>
        </test-method> <!-- secondTest -->
        <test-method is-config="true" signature="loadPage()[pri:0, instance:tests.Producttest@cc43f62]" started-at="2026-04-03T18:12:52 IST" name="loadPage" finished-at="2026-04-03T18:12:53 IST" duration-ms="1034" status="PASS">
          <reporter-output>
          </reporter-output>
        </test-method> <!-- loadPage -->
        <test-method signature="verifyClickProductNavigation()[pri:0, instance:tests.Producttest@cc43f62]" started-at="2026-04-03T18:12:53 IST" name="verifyClickProductNavigation" finished-at="2026-04-03T18:12:57 IST" duration-ms="3378" status="PASS">
          <reporter-output>
          </reporter-output>
        </test-method> <!-- verifyClickProductNavigation -->
        <test-method is-config="true" signature="loadPage()[pri:0, instance:tests.Producttest@cc43f62]" started-at="2026-04-03T18:12:57 IST" name="loadPage" finished-at="2026-04-03T18:12:57 IST" duration-ms="798" status="PASS">
          <reporter-output>
          </reporter-output>
        </test-method> <!-- loadPage -->
        <test-method signature="verifyProductPageOpened()[pri:0, instance:tests.Producttest@cc43f62]" started-at="2026-04-03T18:12:57 IST" name="verifyProductPageOpened" finished-at="2026-04-03T18:12:57 IST" duration-ms="14" status="PASS">
          <reporter-output>
          </reporter-output>
        </test-method> <!-- verifyProductPageOpened -->
        <test-method is-config="true" signature="end()[pri:0, instance:tests.Producttest@cc43f62]" started-at="2026-04-03T18:12:57 IST" name="end" finished-at="2026-04-03T18:12:58 IST" duration-ms="292" status="PASS">
          <reporter-output>
          </reporter-output>
        </test-method> <!-- end -->
      </class> <!-- tests.Producttest -->
    </test> <!-- Product Tests -->
  </suite> <!-- EZLife Test Suite -->
</testng-results>
