<?xml version="1.0" encoding="UTF-8"?>
<testng-results ignored="0" total="1" passed="1" failed="0" skipped="0">
  <reporter-output>
  </reporter-output>
  <suite started-at="2026-04-14T14:33:46 IST" name="EZLife Test Suite" finished-at="2026-04-14T14:33:54 IST" duration-ms="8524">
    <groups>
    </groups>
    <test started-at="2026-04-14T14:33:46 IST" name="Home Tests" finished-at="2026-04-14T14:33:54 IST" duration-ms="8524">
      <class name="tests.HomeTest">
        <test-method is-config="true" signature="start()[pri:0, instance:tests.HomeTest@147e2ae7]" started-at="2026-04-14T14:33:46 IST" name="start" finished-at="2026-04-14T14:33:53 IST" duration-ms="7012" status="PASS">
          <reporter-output>
          </reporter-output>
        </test-method> <!-- start -->
        <test-method signature="verifyFacebookIconVisibleAfterScroll()[pri:1, instance:tests.HomeTest@147e2ae7]" started-at="2026-04-14T14:33:53 IST" name="verifyFacebookIconVisibleAfterScroll" finished-at="2026-04-14T14:33:54 IST" duration-ms="965" status="PASS">
          <reporter-output>
          </reporter-output>
        </test-method> <!-- verifyFacebookIconVisibleAfterScroll -->
        <test-method is-config="true" signature="end()[pri:0, instance:tests.HomeTest@147e2ae7]" started-at="2026-04-14T14:33:54 IST" name="end" finished-at="2026-04-14T14:33:54 IST" duration-ms="356" status="PASS">
          <reporter-output>
          </reporter-output>
        </test-method> <!-- end -->
      </class> <!-- tests.HomeTest -->
    </test> <!-- Home Tests -->
  </suite> <!-- EZLife Test Suite -->
</testng-results>
