<?xml version="1.0" encoding="UTF-8"?>
<!-- Generated by org.testng.reporters.JUnitReportReporter -->
<testsuite hostname="ais-PC-164" failures="0" tests="3" name="tests.HomeTest" time="143.337" errors="0" timestamp="2026-03-31T12:20:23 IST" skipped="0">
  <testcase classname="tests.HomeTest" name="verifyWebsiteOpen" time="0.115"/>
  <testcase classname="tests.HomeTest" name="verifyAllMenusHover" time="6.438"/>
  <testcase classname="tests.HomeTest" name="testAllMenusClick" time="136.784"/>
</testsuite> <!-- tests.HomeTest -->
