<?xml version="1.0" encoding="UTF-8"?>
<!-- Generated by org.testng.reporters.JUnitReportReporter -->
<testsuite hostname="ais-PC-164" failures="0" tests="3" name="tests.Producttest" time="7.093" errors="0" timestamp="2026-04-03T18:12:58 IST" skipped="0">
  <testcase classname="tests.Producttest" name="verifyClickProductNavigation" time="4.412"/>
  <testcase classname="tests.Producttest" name="secondTest" time="0.871"/>
  <testcase classname="tests.Producttest" name="verifyProductPageOpened" time="1.810"/>
</testsuite> <!-- tests.Producttest -->
