<?xml version="1.0" encoding="UTF-8"?>
<!-- Generated by org.testng.reporters.JUnitReportReporter -->
<testsuite hostname="ais-PC-164" failures="0" tests="3" name="tests.HomeTest" time="143.343" errors="0" timestamp="2026-04-02T15:39:13 IST" skipped="0">
  <testcase classname="tests.HomeTest" name="verifyWebsiteOpen" time="0.065"/>
  <testcase classname="tests.HomeTest" name="verifyAllMenusHover" time="6.389"/>
  <testcase classname="tests.HomeTest" name="testAllMenusClick" time="136.889"/>
</testsuite> <!-- tests.HomeTest -->
