<?xml version="1.0" encoding="UTF-8"?>
<!-- Generated by org.testng.reporters.JUnitReportReporter -->
<testsuite hostname="ais-PC-164" failures="0" tests="3" name="tests.Producttest" time="9.966" errors="0" timestamp="2026-04-02T15:39:13 IST" skipped="0">
  <testcase classname="tests.Producttest" name="verifyClickProductNavigation" time="4.609"/>
  <testcase classname="tests.Producttest" name="verifyProductPageOpened" time="0.991"/>
  <testcase classname="tests.Producttest" name="secondTest" time="4.366"/>
</testsuite> <!-- tests.Producttest -->
